Copyright 1986-2021 Xilinx, Inc. All Rights Reserved.
------------------------------------------------------------------------------------------------------------------------------------------
| Tool Version : Vivado v.2021.2 (win64) Build 3367213 Tue Oct 19 02:48:09 MDT 2021
| Date         : Sat Jan  8 23:43:33 2022
| Host         : LAPTOP-NDLNQHR8 running 64-bit major release  (build 9200)
| Command      : upgrade_project -migrate_output_products
| Project_Path : C:/Users/33381/CPU-Design-and-Practice/lab/lab3_1/CPU_CDE/mycpu_verify/run_vivado/mycpu_prj1/mycpu_prj1.xpr
------------------------------------------------------------------------------------------------------------------------------------------

Project Status Summary

1. Project IP Status
--------------------
This project contains 3 IP and 0 Block Designs.


1.1 Project IP Instances
+----------+-------------------------+-------------------------------------+-------------------------------------+
| Instance | Status                  | Reason                              | Recommendation                      |
| Name     |                         |                                     |                                     |
+----------+-------------------------+-------------------------------------+-------------------------------------+
| clk_pll  | Remote Source.          | IP is remote.                       | Migration not required.             |
+----------+-------------------------+-------------------------------------+-------------------------------------+
| data_ram | Remote Source.          | IP is remote.                       | Migration not required.             |
+----------+-------------------------+-------------------------------------+-------------------------------------+
| inst_ram | Remote Source.          | IP is remote.                       | Migration not required.             |
+----------+-------------------------+-------------------------------------+-------------------------------------+



